[debug] [2021-03-26T10:29:18.271Z] ----------------------------------------------------------------------
[debug] [2021-03-26T10:29:18.274Z] Command:       C:\Program Files\nodejs\node.exe C:\Users\tambu\AppData\Local\Yarn\Data\global\node_modules\firebase-tools\lib\bin\firebase.js deploy
[debug] [2021-03-26T10:29:18.279Z] CLI Version:   9.6.1
[debug] [2021-03-26T10:29:18.279Z] Platform:      win32
[debug] [2021-03-26T10:29:18.279Z] Node Version:  v15.6.0
[debug] [2021-03-26T10:29:18.284Z] Time:          Fri Mar 26 2021 11:29:18 GMT+0100 (Ora standard dell’Europa centrale)
[debug] [2021-03-26T10:29:18.285Z] ----------------------------------------------------------------------
[debug] [2021-03-26T10:29:18.285Z] 
[debug] [2021-03-26T10:29:18.303Z] > command requires scopes: ["email","openid","https://www.googleapis.com/auth/cloudplatformprojects.readonly","https://www.googleapis.com/auth/firebase","https://www.googleapis.com/auth/cloud-platform"]
[debug] [2021-03-26T10:29:18.304Z] > authorizing via signed-in user
[debug] [2021-03-26T10:29:18.304Z] [iam] checking project city-pollution-tambu for permissions ["firebase.projects.get","firebasehosting.sites.update"]
[debug] [2021-03-26T10:29:18.310Z] >>> HTTP REQUEST POST https://cloudresourcemanager.googleapis.com/v1/projects/city-pollution-tambu:testIamPermissions  
 {"permissions":["firebase.projects.get","firebasehosting.sites.update"]}
[debug] [2021-03-26T10:29:19.095Z] <<< HTTP RESPONSE 200 {"content-type":"application/json; charset=UTF-8","vary":"X-Origin, Referer, Origin,Accept-Encoding","date":"Fri, 26 Mar 2021 10:29:16 GMT","server":"ESF","cache-control":"private","x-xss-protection":"0","x-frame-options":"SAMEORIGIN","x-content-type-options":"nosniff","server-timing":"gfet4t7; dur=657","alt-svc":"h3-29=\":443\"; ma=2592000,h3-T051=\":443\"; ma=2592000,h3-Q050=\":443\"; ma=2592000,h3-Q046=\":443\"; ma=2592000,h3-Q043=\":443\"; ma=2592000,quic=\":443\"; ma=2592000; v=\"46,43\"","accept-ranges":"none","transfer-encoding":"chunked"}
[debug] [2021-03-26T10:29:19.098Z] > refreshing access token with scopes: []
[debug] [2021-03-26T10:29:19.099Z] >>> HTTP REQUEST POST https://www.googleapis.com/oauth2/v3/token  
 <request body omitted>
[debug] [2021-03-26T10:29:19.227Z] <<< HTTP RESPONSE 200 {"pragma":"no-cache","expires":"Mon, 01 Jan 1990 00:00:00 GMT","cache-control":"no-cache, no-store, max-age=0, must-revalidate","date":"Fri, 26 Mar 2021 10:29:16 GMT","content-type":"application/json; charset=utf-8","vary":"X-Origin, Referer, Origin,Accept-Encoding","server":"scaffolding on HTTPServer2","x-xss-protection":"0","x-frame-options":"SAMEORIGIN","x-content-type-options":"nosniff","alt-svc":"h3-29=\":443\"; ma=2592000,h3-T051=\":443\"; ma=2592000,h3-Q050=\":443\"; ma=2592000,h3-Q046=\":443\"; ma=2592000,h3-Q043=\":443\"; ma=2592000,quic=\":443\"; ma=2592000; v=\"46,43\"","accept-ranges":"none","transfer-encoding":"chunked"}
[debug] [2021-03-26T10:29:19.271Z] >>> [apiv2][query] GET https://firebase.googleapis.com/v1beta1/projects/city-pollution-tambu [none]
[debug] [2021-03-26T10:29:19.503Z] <<< [apiv2][status] GET https://firebase.googleapis.com/v1beta1/projects/city-pollution-tambu 200
[debug] [2021-03-26T10:29:19.504Z] <<< [apiv2][body] GET https://firebase.googleapis.com/v1beta1/projects/city-pollution-tambu {"projectId":"city-pollution-tambu","projectNumber":"926754790004","displayName":"City-Pollution-JSA","name":"projects/city-pollution-tambu","resources":{"hostingSite":"city-pollution-tambu"},"state":"ACTIVE"}
[info] 
[info] === Deploying to 'city-pollution-tambu'...
[info] 
[info] i  deploying hosting 
[debug] [2021-03-26T10:29:19.537Z] > refreshing access token with scopes: ["email","https://www.googleapis.com/auth/cloud-platform","https://www.googleapis.com/auth/cloudplatformprojects.readonly","https://www.googleapis.com/auth/firebase","openid"]
[debug] [2021-03-26T10:29:19.537Z] >>> HTTP REQUEST POST https://www.googleapis.com/oauth2/v3/token  
 <request body omitted>
[debug] [2021-03-26T10:29:19.732Z] <<< HTTP RESPONSE 200 {"cache-control":"no-cache, no-store, max-age=0, must-revalidate","date":"Fri, 26 Mar 2021 10:29:17 GMT","pragma":"no-cache","expires":"Mon, 01 Jan 1990 00:00:00 GMT","content-type":"application/json; charset=utf-8","vary":"X-Origin, Referer, Origin,Accept-Encoding","server":"scaffolding on HTTPServer2","x-xss-protection":"0","x-frame-options":"SAMEORIGIN","x-content-type-options":"nosniff","alt-svc":"h3-29=\":443\"; ma=2592000,h3-T051=\":443\"; ma=2592000,h3-Q050=\":443\"; ma=2592000,h3-Q046=\":443\"; ma=2592000,h3-Q043=\":443\"; ma=2592000,quic=\":443\"; ma=2592000; v=\"46,43\"","accept-ranges":"none","transfer-encoding":"chunked"}
[debug] [2021-03-26T10:29:19.737Z] >>> HTTP REQUEST POST https://firebasehosting.googleapis.com/v1beta1/sites/city-pollution-tambu/versions  
 {"config":{},"labels":{"deployment-tool":"cli-firebase"}}
[debug] [2021-03-26T10:29:21.024Z] <<< HTTP RESPONSE 200 {"content-type":"application/json; charset=UTF-8","vary":"X-Origin, Referer, Origin,Accept-Encoding","date":"Fri, 26 Mar 2021 10:29:18 GMT","server":"ESF","cache-control":"private","x-xss-protection":"0","x-frame-options":"SAMEORIGIN","x-content-type-options":"nosniff","alt-svc":"h3-29=\":443\"; ma=2592000,h3-T051=\":443\"; ma=2592000,h3-Q050=\":443\"; ma=2592000,h3-Q046=\":443\"; ma=2592000,h3-Q043=\":443\"; ma=2592000,quic=\":443\"; ma=2592000; v=\"46,43\"","accept-ranges":"none","transfer-encoding":"chunked"}
[info] i  hosting[city-pollution-tambu]: beginning deploy... 
[info] i  hosting[city-pollution-tambu]: found 21 files in dist 
